<?xml version="1.0" encoding="UTF-8"?>
<!-- Generated by org.testng.reporters.JUnitReportReporter -->
<testsuite hostname="THBSLAPTOP-452" name="com.thbs.qa.testcases.RegistrationPageTest" tests="5" failures="0" timestamp="3 Jan 2020 11:58:07 GMT" time="186.544" errors="0">
  <testcase name="TC_001" time="37.561" classname="com.thbs.qa.testcases.RegistrationPageTest"/>
  <testcase name="TC_004" time="37.316" classname="com.thbs.qa.testcases.RegistrationPageTest"/>
  <testcase name="TC_005" time="34.983" classname="com.thbs.qa.testcases.RegistrationPageTest"/>
  <testcase name="TC_003" time="38.746" classname="com.thbs.qa.testcases.RegistrationPageTest"/>
  <testcase name="TC_002" time="37.938" classname="com.thbs.qa.testcases.RegistrationPageTest"/>
</testsuite> <!-- com.thbs.qa.testcases.RegistrationPageTest -->
