<?xml version="1.0" encoding="UTF-8"?>
<!-- Generated by org.testng.reporters.JUnitReportReporter -->
<testsuite hostname="THBSLAPTOP-452" name="com.thbs.qa.testcases.LoginPageTest" tests="1" failures="0" timestamp="11 Dec 2019 05:31:57 GMT" time="25.978" errors="0">
  <testcase name="checkLogin" time="25.978" classname="com.thbs.qa.testcases.LoginPageTest"/>
</testsuite> <!-- com.thbs.qa.testcases.LoginPageTest -->
